<?xml version="1.0" encoding="UTF-8" ?>
<testsuite errors="0" failures="0" hostname="MrsMendes-Asus" name="froggerJUnittest.GameAction_UpLevelTest" skipped="0" tests="4" time="1.112" timestamp="2020-11-28T01:53:39">
  <properties>
[...]
</properties>
  <testcase classname="froggerJUnittest.GameAction_UpLevelTest" name="test_LevelUp_EndDestination_reset" time="0.72" />
  <testcase classname="froggerJUnittest.GameAction_UpLevelTest" name="test_LevelUp_AnimalwillMove" time="0.111" />
  <testcase classname="froggerJUnittest.GameAction_UpLevelTest" name="test_LevelUp_points_sync" time="0.09" />
  <testcase classname="froggerJUnittest.GameAction_UpLevelTest" name="test_LevelUp_Life_restored" time="0.088" />
  <system-out><![CDATA[Level 1 activated
Level 2 activated
Level 1 activated
Level 2 activated
Level 1 activated
Level 2 activated
Level 1 activated
Level 2 activated
]]></system-out>
  <system-err><![CDATA[]]></system-err>
</testsuite>
